<?xml version="1.0" encoding="UTF-8"?>
<robot generator="Robot 7.4.2 (Python 3.14.0 on win32)" generated="2026-04-02T20:06:35.823550" rpa="false" schemaversion="5">
<suite id="s1" name="registerTest" source="C:\Users\Robert Ohly\Documents\Algonquin\CST8513 QA Test\Project III\tests\registerTest.robot">
<test id="s1-t1" name="Successful Account Registration" line="5">
<kw name="Open Home Page" owner="RegisterPage">
<kw name="Evaluate" owner="BuiltIn">
<msg time="2026-04-02T20:06:36.016732" level="INFO">${chrome_options} = &lt;selenium.webdriver.chrome.options.Options object at 0x000002C802E81FD0&gt;</msg>
<var>${chrome_options}</var>
<arg>sys.modules['selenium.webdriver'].ChromeOptions()</arg>
<arg>sys, selenium.webdriver</arg>
<doc>Evaluates the given expression in Python and returns the result.</doc>
<status status="PASS" start="2026-04-02T20:06:36.014380" elapsed="0.002399"/>
</kw>
<kw name="Create List" owner="BuiltIn">
<msg time="2026-04-02T20:06:36.017212" level="INFO">${args} = ['--disable-blink-features=AutomationControlled', '--start-maximized']</msg>
<var>${args}</var>
<arg>--disable-blink-features=AutomationControlled</arg>
<arg>--start-maximized</arg>
<doc>Returns a list containing given items.</doc>
<status status="PASS" start="2026-04-02T20:06:36.016931" elapsed="0.000310"/>
</kw>
<for flavor="IN">
<iter>
<kw name="Call Method" owner="BuiltIn">
<arg>${chrome_options}</arg>
<arg>add_argument</arg>
<arg>${arg}</arg>
<doc>Calls the named method of the given object with the provided arguments.</doc>
<status status="PASS" start="2026-04-02T20:06:36.017588" elapsed="0.000240"/>
</kw>
<var name="${arg}">--disable-blink-features=AutomationControlled</var>
<status status="PASS" start="2026-04-02T20:06:36.017498" elapsed="0.000377"/>
</iter>
<iter>
<kw name="Call Method" owner="BuiltIn">
<arg>${chrome_options}</arg>
<arg>add_argument</arg>
<arg>${arg}</arg>
<doc>Calls the named method of the given object with the provided arguments.</doc>
<status status="PASS" start="2026-04-02T20:06:36.018036" elapsed="0.000215"/>
</kw>
<var name="${arg}">--start-maximized</var>
<status status="PASS" start="2026-04-02T20:06:36.017967" elapsed="0.000327"/>
</iter>
<var>${arg}</var>
<value>@{args}</value>
<status status="PASS" start="2026-04-02T20:06:36.017338" elapsed="0.000995"/>
</for>
<kw name="Open Browser" owner="SeleniumLibrary">
<msg time="2026-04-02T20:06:36.018660" level="INFO">Opening browser 'chrome' to base url 'https://prestashop.danielbierman.ca/'.</msg>
<arg>${URL}</arg>
<arg>chrome</arg>
<arg>options=${chrome_options}</arg>
<doc>Opens a new browser instance to the optional ``url``.</doc>
<status status="PASS" start="2026-04-02T20:06:36.018445" elapsed="1.817279"/>
</kw>
<kw name="Sleep" owner="BuiltIn">
<msg time="2026-04-02T20:06:39.836649" level="INFO">Slept 2 seconds.</msg>
<arg>2s</arg>
<doc>Pauses the test executed for the given time.</doc>
<status status="PASS" start="2026-04-02T20:06:37.836021" elapsed="2.000804"/>
</kw>
<kw name="Add Cookie" owner="SeleniumLibrary">
<arg>CF_Authorization</arg>
<arg>${CF_Authorization}</arg>
<arg>path=/</arg>
<doc>Adds a cookie to your current session.</doc>
<status status="PASS" start="2026-04-02T20:06:39.837140" elapsed="0.005760"/>
</kw>
<kw name="Execute Javascript" owner="SeleniumLibrary">
<msg time="2026-04-02T20:06:39.843428" level="INFO">Executing JavaScript:
window.location.reload(true)
Without any arguments.</msg>
<arg>window.location.reload(true)</arg>
<doc>Executes the given JavaScript code with possible arguments.</doc>
<status status="PASS" start="2026-04-02T20:06:39.843066" elapsed="0.076250"/>
</kw>
<kw name="Wait Until Page Does Not Contain" owner="SeleniumLibrary">
<msg time="2026-04-02T20:06:50.181907" level="INFO" html="true">&lt;/td&gt;&lt;/tr&gt;&lt;tr&gt;&lt;td colspan="3"&gt;&lt;a href="selenium-screenshot-9.png"&gt;&lt;img src="selenium-screenshot-9.png" width="800px"&gt;&lt;/a&gt;</msg>
<msg time="2026-04-02T20:06:50.182124" level="FAIL">Text 'Cloudflare Access' did not disappear in 10 seconds.</msg>
<arg>Cloudflare Access</arg>
<arg>10s</arg>
<doc>Waits until ``text`` disappears from the current page.</doc>
<status status="FAIL" start="2026-04-02T20:06:39.919632" elapsed="10.264446">Text 'Cloudflare Access' did not disappear in 10 seconds.</status>
</kw>
<status status="FAIL" start="2026-04-02T20:06:36.013773" elapsed="14.170532">Text 'Cloudflare Access' did not disappear in 10 seconds.</status>
</kw>
<kw name="Go To Registration Page" owner="RegisterPage">
<status status="NOT RUN" start="2026-04-02T20:06:50.184749" elapsed="0.000051"/>
</kw>
<kw name="Fill Registration Form" owner="RegisterPage">
<arg>John</arg>
<arg>Smith</arg>
<arg>john${random}@mail.com</arg>
<arg>Test1234!</arg>
<status status="NOT RUN" start="2026-04-02T20:06:50.185039" elapsed="0.000028"/>
</kw>
<kw name="Fill Optional Details" owner="RegisterPage">
<arg>01/01/2000</arg>
<status status="NOT RUN" start="2026-04-02T20:06:50.185316" elapsed="0.000045"/>
</kw>
<kw name="Submit Registration" owner="RegisterPage">
<status status="NOT RUN" start="2026-04-02T20:06:50.185617" elapsed="0.000043"/>
</kw>
<kw name="Validate Account Created" owner="RegisterPage">
<status status="NOT RUN" start="2026-04-02T20:06:50.185851" elapsed="0.000025"/>
</kw>
<status status="FAIL" start="2026-04-02T20:06:36.012940" elapsed="14.173209">Text 'Cloudflare Access' did not disappear in 10 seconds.</status>
</test>
<status status="FAIL" start="2026-04-02T20:06:35.824793" elapsed="14.362149"/>
</suite>
<statistics>
<total>
<stat pass="0" fail="1" skip="0">All Tests</stat>
</total>
<tag>
</tag>
<suite>
<stat name="registerTest" id="s1" pass="0" fail="1" skip="0">registerTest</stat>
</suite>
</statistics>
<errors>
</errors>
</robot>
