<?xml version="1.0" encoding="UTF-8"?>
<robot generator="Robot 7.4.2 (Python 3.14.0 on win32)" generated="2026-04-09T17:50:56.699583" rpa="false" schemaversion="5">
<suite id="s1" name="Project III" source="C:\Users\Robert Ohly\Documents\Algonquin\CST8513 QA Test\Project III">
<suite id="s1-s1" name="Tests" source="C:\Users\Robert Ohly\Documents\Algonquin\CST8513 QA Test\Project III\tests">
<suite id="s1-s1-s1" name="Test Auth" source="C:\Users\Robert Ohly\Documents\Algonquin\CST8513 QA Test\Project III\tests\test_auth.robot">
<test id="s1-s1-s1-t1" name="TC-02-01 Successful Login with Valid Credentials" line="13">
<kw name="Run Keywords" owner="BuiltIn" type="SETUP">
<kw name="Open Home Page" owner="Common">
<kw name="Evaluate" owner="BuiltIn">
<msg time="2026-04-09T17:50:57.181352" level="INFO">${chrome_options} = &lt;selenium.webdriver.chrome.options.Options object at 0x000001FE06A11BE0&gt;</msg>
<var>${chrome_options}</var>
<arg>sys.modules['selenium.webdriver'].ChromeOptions()</arg>
<arg>sys, selenium.webdriver</arg>
<doc>Evaluates the given expression in Python and returns the result.</doc>
<status status="PASS" start="2026-04-09T17:50:57.176892" elapsed="0.005145"/>
</kw>
<kw name="Create List" owner="BuiltIn">
<msg time="2026-04-09T17:50:57.183603" level="INFO">${args} = ['--disable-blink-features=AutomationControlled', '--start-maximized']</msg>
<var>${args}</var>
<arg>--disable-blink-features=AutomationControlled</arg>
<arg>--start-maximized</arg>
<doc>Returns a list containing given items.</doc>
<status status="PASS" start="2026-04-09T17:50:57.182605" elapsed="0.001477"/>
</kw>
<for flavor="IN">
<iter>
<kw name="Call Method" owner="BuiltIn">
<arg>${chrome_options}</arg>
<arg>add_argument</arg>
<arg>${arg}</arg>
<doc>Calls the named method of the given object with the provided arguments.</doc>
<status status="PASS" start="2026-04-09T17:50:57.185450" elapsed="0.001015"/>
</kw>
<var name="${arg}">--disable-blink-features=AutomationControlled</var>
<status status="PASS" start="2026-04-09T17:50:57.185018" elapsed="0.001754"/>
</iter>
<iter>
<kw name="Call Method" owner="BuiltIn">
<arg>${chrome_options}</arg>
<arg>add_argument</arg>
<arg>${arg}</arg>
<doc>Calls the named method of the given object with the provided arguments.</doc>
<status status="PASS" start="2026-04-09T17:50:57.187438" elapsed="0.000642"/>
</kw>
<var name="${arg}">--start-maximized</var>
<status status="PASS" start="2026-04-09T17:50:57.187102" elapsed="0.001216"/>
</iter>
<var>${arg}</var>
<value>@{args}</value>
<status status="PASS" start="2026-04-09T17:50:57.184404" elapsed="0.004092"/>
</for>
<kw name="Open Browser" owner="SeleniumLibrary">
<msg time="2026-04-09T17:50:57.189612" level="INFO">Opening browser 'chrome' to base url 'http://localhost:8080/'.</msg>
<arg>${URL}</arg>
<arg>${BROWSER}</arg>
<arg>options=${chrome_options}</arg>
<doc>Opens a new browser instance to the optional ``url``.</doc>
<status status="PASS" start="2026-04-09T17:50:57.188960" elapsed="1.282752"/>
</kw>
<kw name="Set Window Size" owner="SeleniumLibrary">
<arg>1920</arg>
<arg>1080</arg>
<doc>Sets current windows size to given ``width`` and ``height``.</doc>
<status status="PASS" start="2026-04-09T17:50:58.472281" elapsed="0.382505"/>
</kw>
<kw name="Wait Until Element Is Visible" owner="SeleniumLibrary">
<arg>css:body</arg>
<arg>10s</arg>
<doc>Waits until the element ``locator`` is visible.</doc>
<status status="PASS" start="2026-04-09T17:50:58.855301" elapsed="0.026890"/>
</kw>
<status status="PASS" start="2026-04-09T17:50:57.176238" elapsed="1.706299"/>
</kw>
<kw name="Go To Login" owner="Common">
<kw name="Wait Until Page Contains" owner="SeleniumLibrary">
<arg>Sign in</arg>
<arg>10s</arg>
<doc>Waits until ``text`` appears on the current page.</doc>
<status status="PASS" start="2026-04-09T17:50:58.883556" elapsed="0.016789"/>
</kw>
<kw name="Click Link" owner="SeleniumLibrary">
<msg time="2026-04-09T17:50:58.901236" level="INFO">Clicking link 'css=#_desktop_ps_customersignin &gt; div &gt; div &gt; a'.</msg>
<arg>css=#_desktop_ps_customersignin &gt; div &gt; div &gt; a</arg>
<doc>Clicks a link identified by ``locator``.</doc>
<status status="PASS" start="2026-04-09T17:50:58.900721" elapsed="0.266363"/>
</kw>
<kw name="Wait Until Element Is Visible" owner="SeleniumLibrary">
<arg>css:h1</arg>
<arg>10s</arg>
<doc>Waits until the element ``locator`` is visible.</doc>
<status status="PASS" start="2026-04-09T17:50:59.167472" elapsed="0.029053"/>
</kw>
<status status="PASS" start="2026-04-09T17:50:58.882931" elapsed="0.313938"/>
</kw>
<arg>Open Home Page</arg>
<arg>AND</arg>
<arg>Go To Login</arg>
<doc>Executes all the given keywords in a sequence.</doc>
<status status="PASS" start="2026-04-09T17:50:57.174782" elapsed="2.022278"/>
</kw>
<kw name="Login With Credentials" owner="LoginPage">
<kw name="Input Text" owner="SeleniumLibrary">
<msg time="2026-04-09T17:50:59.199494" level="INFO">Typing text 'test@gmail.com' into text field 'css=#field-email'.</msg>
<arg>${LOGIN_EMAIL_FIELD}</arg>
<arg>${email}</arg>
<doc>Types the given ``text`` into the text field identified by ``locator``.</doc>
<status status="PASS" start="2026-04-09T17:50:59.198844" elapsed="0.135091"/>
</kw>
<kw name="Input Text" owner="SeleniumLibrary">
<msg time="2026-04-09T17:50:59.335662" level="INFO">Typing text 'Shp1DLHKhe6yAPR' into text field 'css=#field-password'.</msg>
<arg>${LOGIN_PASSWORD_FIELD}</arg>
<arg>${password}</arg>
<doc>Types the given ``text`` into the text field identified by ``locator``.</doc>
<status status="PASS" start="2026-04-09T17:50:59.334746" elapsed="0.118336"/>
</kw>
<kw name="Click Button" owner="SeleniumLibrary">
<msg time="2026-04-09T17:50:59.454403" level="INFO">Clicking button 'css=#submit-login'.</msg>
<arg>${LOGIN_SUBMIT_BUTTON}</arg>
<doc>Clicks the button identified by ``locator``.</doc>
<status status="PASS" start="2026-04-09T17:50:59.453619" elapsed="1.184847"/>
</kw>
<arg>${VALID_EMAIL}</arg>
<arg>${VALID_PASSWORD}</arg>
<status status="PASS" start="2026-04-09T17:50:59.197860" elapsed="1.441113"/>
</kw>
<kw name="Verify User Is Logged In" owner="LoginPage">
<kw name="Wait Until Page Contains" owner="SeleniumLibrary">
<arg>${username}</arg>
<arg>10s</arg>
<doc>Waits until ``text`` appears on the current page.</doc>
<status status="PASS" start="2026-04-09T17:51:00.640661" elapsed="0.021571"/>
</kw>
<arg>${VALID_USER}</arg>
<status status="PASS" start="2026-04-09T17:51:00.639755" elapsed="0.022953"/>
</kw>
<kw name="Close Browser" owner="SeleniumLibrary" type="TEARDOWN">
<doc>Closes the current browser.</doc>
<status status="PASS" start="2026-04-09T17:51:00.663561" elapsed="2.228507"/>
</kw>
<status status="PASS" start="2026-04-09T17:50:57.168479" elapsed="5.724139"/>
</test>
<test id="s1-s1-s1-t2" name="TC-02-02 Login Rejected with Invalid Credentials" line="17">
<kw name="Run Keywords" owner="BuiltIn" type="SETUP">
<kw name="Open Home Page" owner="Common">
<kw name="Evaluate" owner="BuiltIn">
<msg time="2026-04-09T17:51:02.910256" level="INFO">${chrome_options} = &lt;selenium.webdriver.chrome.options.Options object at 0x000001FE06A22FD0&gt;</msg>
<var>${chrome_options}</var>
<arg>sys.modules['selenium.webdriver'].ChromeOptions()</arg>
<arg>sys, selenium.webdriver</arg>
<doc>Evaluates the given expression in Python and returns the result.</doc>
<status status="PASS" start="2026-04-09T17:51:02.909525" elapsed="0.000972"/>
</kw>
<kw name="Create List" owner="BuiltIn">
<msg time="2026-04-09T17:51:02.911446" level="INFO">${args} = ['--disable-blink-features=AutomationControlled', '--start-maximized']</msg>
<var>${args}</var>
<arg>--disable-blink-features=AutomationControlled</arg>
<arg>--start-maximized</arg>
<doc>Returns a list containing given items.</doc>
<status status="PASS" start="2026-04-09T17:51:02.910749" elapsed="0.000888"/>
</kw>
<for flavor="IN">
<iter>
<kw name="Call Method" owner="BuiltIn">
<arg>${chrome_options}</arg>
<arg>add_argument</arg>
<arg>${arg}</arg>
<doc>Calls the named method of the given object with the provided arguments.</doc>
<status status="PASS" start="2026-04-09T17:51:02.912454" elapsed="0.000661"/>
</kw>
<var name="${arg}">--disable-blink-features=AutomationControlled</var>
<status status="PASS" start="2026-04-09T17:51:02.912207" elapsed="0.001096"/>
</iter>
<iter>
<kw name="Call Method" owner="BuiltIn">
<arg>${chrome_options}</arg>
<arg>add_argument</arg>
<arg>${arg}</arg>
<doc>Calls the named method of the given object with the provided arguments.</doc>
<status status="PASS" start="2026-04-09T17:51:02.913763" elapsed="0.000538"/>
</kw>
<var name="${arg}">--start-maximized</var>
<status status="PASS" start="2026-04-09T17:51:02.913482" elapsed="0.000960"/>
</iter>
<var>${arg}</var>
<value>@{args}</value>
<status status="PASS" start="2026-04-09T17:51:02.911835" elapsed="0.002703"/>
</for>
<kw name="Open Browser" owner="SeleniumLibrary">
<msg time="2026-04-09T17:51:02.915288" level="INFO">Opening browser 'chrome' to base url 'http://localhost:8080/'.</msg>
<arg>${URL}</arg>
<arg>${BROWSER}</arg>
<arg>options=${chrome_options}</arg>
<doc>Opens a new browser instance to the optional ``url``.</doc>
<status status="PASS" start="2026-04-09T17:51:02.914785" elapsed="1.247559"/>
</kw>
<kw name="Set Window Size" owner="SeleniumLibrary">
<arg>1920</arg>
<arg>1080</arg>
<doc>Sets current windows size to given ``width`` and ``height``.</doc>
<status status="PASS" start="2026-04-09T17:51:04.163022" elapsed="0.380870"/>
</kw>
<kw name="Wait Until Element Is Visible" owner="SeleniumLibrary">
<arg>css:body</arg>
<arg>10s</arg>
<doc>Waits until the element ``locator`` is visible.</doc>
<status status="PASS" start="2026-04-09T17:51:04.544390" elapsed="0.024558"/>
</kw>
<status status="PASS" start="2026-04-09T17:51:02.908895" elapsed="1.660571"/>
</kw>
<kw name="Go To Login" owner="Common">
<kw name="Wait Until Page Contains" owner="SeleniumLibrary">
<arg>Sign in</arg>
<arg>10s</arg>
<doc>Waits until ``text`` appears on the current page.</doc>
<status status="PASS" start="2026-04-09T17:51:04.570882" elapsed="0.017236"/>
</kw>
<kw name="Click Link" owner="SeleniumLibrary">
<msg time="2026-04-09T17:51:04.589287" level="INFO">Clicking link 'css=#_desktop_ps_customersignin &gt; div &gt; div &gt; a'.</msg>
<arg>css=#_desktop_ps_customersignin &gt; div &gt; div &gt; a</arg>
<doc>Clicks a link identified by ``locator``.</doc>
<status status="PASS" start="2026-04-09T17:51:04.588591" elapsed="0.292612"/>
</kw>
<kw name="Wait Until Element Is Visible" owner="SeleniumLibrary">
<arg>css:h1</arg>
<arg>10s</arg>
<doc>Waits until the element ``locator`` is visible.</doc>
<status status="PASS" start="2026-04-09T17:51:04.881638" elapsed="0.027426"/>
</kw>
<status status="PASS" start="2026-04-09T17:51:04.569992" elapsed="0.339429"/>
</kw>
<arg>Open Home Page</arg>
<arg>AND</arg>
<arg>Go To Login</arg>
<doc>Executes all the given keywords in a sequence.</doc>
<status status="PASS" start="2026-04-09T17:51:02.907934" elapsed="2.001696"/>
</kw>
<kw name="Login With Credentials" owner="LoginPage">
<kw name="Input Text" owner="SeleniumLibrary">
<msg time="2026-04-09T17:51:04.911859" level="INFO">Typing text 'test@gmail.com' into text field 'css=#field-email'.</msg>
<arg>${LOGIN_EMAIL_FIELD}</arg>
<arg>${email}</arg>
<doc>Types the given ``text`` into the text field identified by ``locator``.</doc>
<status status="PASS" start="2026-04-09T17:51:04.911208" elapsed="0.141339"/>
</kw>
<kw name="Input Text" owner="SeleniumLibrary">
<msg time="2026-04-09T17:51:05.053983" level="INFO">Typing text 'WrongPassword' into text field 'css=#field-password'.</msg>
<arg>${LOGIN_PASSWORD_FIELD}</arg>
<arg>${password}</arg>
<doc>Types the given ``text`` into the text field identified by ``locator``.</doc>
<status status="PASS" start="2026-04-09T17:51:05.053085" elapsed="0.100545"/>
</kw>
<kw name="Click Button" owner="SeleniumLibrary">
<msg time="2026-04-09T17:51:05.154560" level="INFO">Clicking button 'css=#submit-login'.</msg>
<arg>${LOGIN_SUBMIT_BUTTON}</arg>
<doc>Clicks the button identified by ``locator``.</doc>
<status status="PASS" start="2026-04-09T17:51:05.154012" elapsed="0.619701"/>
</kw>
<arg>${VALID_EMAIL}</arg>
<arg>${INVALID_PASSWORD}</arg>
<status status="PASS" start="2026-04-09T17:51:04.910316" elapsed="0.863804"/>
</kw>
<kw name="Verify Login Failed" owner="LoginPage">
<kw name="Wait Until Page Contains" owner="SeleniumLibrary">
<arg>Authentication failed.</arg>
<arg>10s</arg>
<doc>Waits until ``text`` appears on the current page.</doc>
<status status="PASS" start="2026-04-09T17:51:05.775965" elapsed="0.016287"/>
</kw>
<status status="PASS" start="2026-04-09T17:51:05.774805" elapsed="0.017741"/>
</kw>
<kw name="Close Browser" owner="SeleniumLibrary" type="TEARDOWN">
<doc>Closes the current browser.</doc>
<status status="PASS" start="2026-04-09T17:51:05.793262" elapsed="2.182767"/>
</kw>
<status status="PASS" start="2026-04-09T17:51:02.898591" elapsed="5.077993"/>
</test>
<test id="s1-s1-s1-t3" name="TC-02-03 Successful Logout Clears Session" line="21">
<kw name="Run Keywords" owner="BuiltIn" type="SETUP">
<kw name="Open Home Page" owner="Common">
<kw name="Evaluate" owner="BuiltIn">
<msg time="2026-04-09T17:51:07.993853" level="INFO">${chrome_options} = &lt;selenium.webdriver.chrome.options.Options object at 0x000001FE06A23ED0&gt;</msg>
<var>${chrome_options}</var>
<arg>sys.modules['selenium.webdriver'].ChromeOptions()</arg>
<arg>sys, selenium.webdriver</arg>
<doc>Evaluates the given expression in Python and returns the result.</doc>
<status status="PASS" start="2026-04-09T17:51:07.993041" elapsed="0.001228"/>
</kw>
<kw name="Create List" owner="BuiltIn">
<msg time="2026-04-09T17:51:07.995119" level="INFO">${args} = ['--disable-blink-features=AutomationControlled', '--start-maximized']</msg>
<var>${args}</var>
<arg>--disable-blink-features=AutomationControlled</arg>
<arg>--start-maximized</arg>
<doc>Returns a list containing given items.</doc>
<status status="PASS" start="2026-04-09T17:51:07.994542" elapsed="0.000778"/>
</kw>
<for flavor="IN">
<iter>
<kw name="Call Method" owner="BuiltIn">
<arg>${chrome_options}</arg>
<arg>add_argument</arg>
<arg>${arg}</arg>
<doc>Calls the named method of the given object with the provided arguments.</doc>
<status status="PASS" start="2026-04-09T17:51:07.996301" elapsed="0.000645"/>
</kw>
<var name="${arg}">--disable-blink-features=AutomationControlled</var>
<status status="PASS" start="2026-04-09T17:51:07.995977" elapsed="0.001122"/>
</iter>
<iter>
<kw name="Call Method" owner="BuiltIn">
<arg>${chrome_options}</arg>
<arg>add_argument</arg>
<arg>${arg}</arg>
<doc>Calls the named method of the given object with the provided arguments.</doc>
<status status="PASS" start="2026-04-09T17:51:07.997499" elapsed="0.000528"/>
</kw>
<var name="${arg}">--start-maximized</var>
<status status="PASS" start="2026-04-09T17:51:07.997280" elapsed="0.000887"/>
</iter>
<var>${arg}</var>
<value>@{args}</value>
<status status="PASS" start="2026-04-09T17:51:07.995510" elapsed="0.002756"/>
</for>
<kw name="Open Browser" owner="SeleniumLibrary">
<msg time="2026-04-09T17:51:07.998965" level="INFO">Opening browser 'chrome' to base url 'http://localhost:8080/'.</msg>
<arg>${URL}</arg>
<arg>${BROWSER}</arg>
<arg>options=${chrome_options}</arg>
<doc>Opens a new browser instance to the optional ``url``.</doc>
<status status="PASS" start="2026-04-09T17:51:07.998484" elapsed="1.241229"/>
</kw>
<kw name="Set Window Size" owner="SeleniumLibrary">
<arg>1920</arg>
<arg>1080</arg>
<doc>Sets current windows size to given ``width`` and ``height``.</doc>
<status status="PASS" start="2026-04-09T17:51:09.240245" elapsed="0.382700"/>
</kw>
<kw name="Wait Until Element Is Visible" owner="SeleniumLibrary">
<arg>css:body</arg>
<arg>10s</arg>
<doc>Waits until the element ``locator`` is visible.</doc>
<status status="PASS" start="2026-04-09T17:51:09.623677" elapsed="0.044162"/>
</kw>
<status status="PASS" start="2026-04-09T17:51:07.992387" elapsed="1.675936"/>
</kw>
<kw name="Go To Login" owner="Common">
<kw name="Wait Until Page Contains" owner="SeleniumLibrary">
<arg>Sign in</arg>
<arg>10s</arg>
<doc>Waits until ``text`` appears on the current page.</doc>
<status status="PASS" start="2026-04-09T17:51:09.669632" elapsed="0.018065"/>
</kw>
<kw name="Click Link" owner="SeleniumLibrary">
<msg time="2026-04-09T17:51:09.688891" level="INFO">Clicking link 'css=#_desktop_ps_customersignin &gt; div &gt; div &gt; a'.</msg>
<arg>css=#_desktop_ps_customersignin &gt; div &gt; div &gt; a</arg>
<doc>Clicks a link identified by ``locator``.</doc>
<status status="PASS" start="2026-04-09T17:51:09.688194" elapsed="0.297150"/>
</kw>
<kw name="Wait Until Element Is Visible" owner="SeleniumLibrary">
<arg>css:h1</arg>
<arg>10s</arg>
<doc>Waits until the element ``locator`` is visible.</doc>
<status status="PASS" start="2026-04-09T17:51:09.985809" elapsed="0.027506"/>
</kw>
<status status="PASS" start="2026-04-09T17:51:09.668863" elapsed="0.344933"/>
</kw>
<arg>Open Home Page</arg>
<arg>AND</arg>
<arg>Go To Login</arg>
<doc>Executes all the given keywords in a sequence.</doc>
<status status="PASS" start="2026-04-09T17:51:07.991117" elapsed="2.022936"/>
</kw>
<kw name="Login With Credentials" owner="LoginPage">
<kw name="Input Text" owner="SeleniumLibrary">
<msg time="2026-04-09T17:51:10.016186" level="INFO">Typing text 'test@gmail.com' into text field 'css=#field-email'.</msg>
<arg>${LOGIN_EMAIL_FIELD}</arg>
<arg>${email}</arg>
<doc>Types the given ``text`` into the text field identified by ``locator``.</doc>
<status status="PASS" start="2026-04-09T17:51:10.015613" elapsed="0.148352"/>
</kw>
<kw name="Input Text" owner="SeleniumLibrary">
<msg time="2026-04-09T17:51:10.165205" level="INFO">Typing text 'Shp1DLHKhe6yAPR' into text field 'css=#field-password'.</msg>
<arg>${LOGIN_PASSWORD_FIELD}</arg>
<arg>${password}</arg>
<doc>Types the given ``text`` into the text field identified by ``locator``.</doc>
<status status="PASS" start="2026-04-09T17:51:10.164551" elapsed="0.101291"/>
</kw>
<kw name="Click Button" owner="SeleniumLibrary">
<msg time="2026-04-09T17:51:10.266795" level="INFO">Clicking button 'css=#submit-login'.</msg>
<arg>${LOGIN_SUBMIT_BUTTON}</arg>
<doc>Clicks the button identified by ``locator``.</doc>
<status status="PASS" start="2026-04-09T17:51:10.266257" elapsed="1.083343"/>
</kw>
<arg>${VALID_EMAIL}</arg>
<arg>${VALID_PASSWORD}</arg>
<status status="PASS" start="2026-04-09T17:51:10.014830" elapsed="1.335292"/>
</kw>
<kw name="Verify User Is Logged In" owner="LoginPage">
<kw name="Wait Until Page Contains" owner="SeleniumLibrary">
<arg>${username}</arg>
<arg>10s</arg>
<doc>Waits until ``text`` appears on the current page.</doc>
<status status="PASS" start="2026-04-09T17:51:11.351714" elapsed="0.019725"/>
</kw>
<arg>${VALID_USER}</arg>
<status status="PASS" start="2026-04-09T17:51:11.350724" elapsed="0.021153"/>
</kw>
<kw name="Logout User" owner="LoginPage">
<kw name="Click Button" owner="SeleniumLibrary">
<msg time="2026-04-09T17:51:11.374124" level="INFO">Clicking button 'css=#userMenuButton'.</msg>
<arg>${USER_MENU_BUTTON}</arg>
<doc>Clicks the button identified by ``locator``.</doc>
<status status="PASS" start="2026-04-09T17:51:11.373453" elapsed="0.109172"/>
</kw>
<kw name="Click Link" owner="SeleniumLibrary">
<msg time="2026-04-09T17:51:11.483863" level="INFO">Clicking link 'css=#_desktop_ps_customersignin &gt; div &gt; div &gt; div &gt; a:nth-child(8)'.</msg>
<arg>${LOGOUT_LINK}</arg>
<doc>Clicks a link identified by ``locator``.</doc>
<status status="PASS" start="2026-04-09T17:51:11.483123" elapsed="0.372825"/>
</kw>
<status status="PASS" start="2026-04-09T17:51:11.372582" elapsed="0.483764"/>
</kw>
<kw name="Wait Until Page Contains" owner="SeleniumLibrary">
<arg>Sign in</arg>
<arg>10s</arg>
<doc>Waits until ``text`` appears on the current page.</doc>
<status status="PASS" start="2026-04-09T17:51:11.856899" elapsed="0.016649"/>
</kw>
<kw name="Close Browser" owner="SeleniumLibrary" type="TEARDOWN">
<doc>Closes the current browser.</doc>
<status status="PASS" start="2026-04-09T17:51:11.874441" elapsed="2.212875"/>
</kw>
<status status="PASS" start="2026-04-09T17:51:07.982126" elapsed="6.105807"/>
</test>
<status status="PASS" start="2026-04-09T17:50:56.844105" elapsed="17.249702"/>
</suite>
<status status="PASS" start="2026-04-09T17:50:56.828988" elapsed="17.269857"/>
</suite>
<status status="PASS" start="2026-04-09T17:50:56.708849" elapsed="17.400754"/>
</suite>
<statistics>
<total>
<stat pass="3" fail="0" skip="0">All Tests</stat>
</total>
<tag>
</tag>
<suite>
<stat name="Project III" id="s1" pass="3" fail="0" skip="0">Project III</stat>
<stat name="Tests" id="s1-s1" pass="3" fail="0" skip="0">Project III.Tests</stat>
<stat name="Test Auth" id="s1-s1-s1" pass="3" fail="0" skip="0">Project III.Tests.Test Auth</stat>
</suite>
</statistics>
<errors>
</errors>
</robot>
